<?xml version="1.0" encoding="UTF-8"?>
<!-- Generated by org.testng.reporters.JUnitXMLReporter -->
<testsuite ignored="0" hostname="DESKTOP-7DFGHVV" failures="0" tests="9" name="Surefire test" time="114.705" errors="0" timestamp="2021-06-24T23:26:51 EDT">
  <testcase classname="initialTest.ContactsTest" name="createContactTest" time="5.494"/>
  <testcase classname="initialTest.ContactsTest" name="createContactTest" time="5.954"/>
  <testcase classname="initialTest.ContactsTest" name="createContactTest" time="4.532"/>
  <testcase classname="initialTest.ContactsTest" name="createContactTest" time="5.139"/>
  <testcase classname="initialTest.ContactsTest" name="createContactTest" time="6.398"/>
  <testcase classname="initialTest.LoginTest" name="ContactsPageTest" time="1.033"/>
  <testcase classname="initialTest.LoginTest" name="FreeAcTest" time="1.261"/>
  <testcase classname="initialTest.LoginTest" name="HomePageTest" time="0.49"/>
  <testcase classname="initialTest.LoginTest" name="LoginPageTest" time="0.002"/>
</testsuite> <!-- Surefire test -->
