<?xml version="1.0" encoding="UTF-8"?>
<!-- Generated by org.testng.reporters.JUnitXMLReporter -->
<testsuite ignored="0" hostname="DESKTOP-7DFGHVV" failures="0" tests="4" name="Default test" time="47.045" errors="0" timestamp="2021-06-22T23:21:42 EDT">
  <testcase classname="initialTest.LoginTest" name="ContactsPageTest" time="1.114"/>
  <testcase classname="initialTest.LoginTest" name="FreeAcTest" time="1.647"/>
  <testcase classname="initialTest.LoginTest" name="HomePageTest" time="0.608"/>
  <testcase classname="initialTest.LoginTest" name="LoginPageTest" time="0.01"/>
</testsuite> <!-- Default test -->
