<?xml version="1.0" encoding="UTF-8"?>
<!-- Generated by org.testng.reporters.JUnitXMLReporter -->
<testsuite ignored="0" hostname="DESKTOP-7DFGHVV" failures="1" tests="6" name="Test" time="41.025" errors="0" timestamp="2021-06-18T10:35:07 EDT">
  <testcase classname="initialTest.LoginTest" name="ContactsPageTest" time="1.215"/>
  <testcase classname="initialTest.LoginTest" name="FreeAcTest" time="0.935"/>
  <testcase classname="initialTest.LoginTest" name="HomePageTest" time="0.613"/>
  <testcase classname="initialTest.LoginTest" name="LoginPageTest" time="0.013"/>
  <testcase classname="initialTest.ContactsTest" name="createContactTest" time="0.0">
    <skipped/>
  </testcase> <!-- createContactTest -->
  <testcase classname="initialTest.ContactsTest" name="f" time="0.005">
    <failure type="java.lang.NullPointerException" message="Cannot invoke &amp;quot;pages.ContactsPage.selectContact(String)&amp;quot; because &amp;quot;this.cp&amp;quot; is null">
      <![CDATA[java.lang.NullPointerException: Cannot invoke "pages.ContactsPage.selectContact(String)" because "this.cp" is null
at initialTest.ContactsTest.f(ContactsTest.java:30)
at java.base/java.util.ArrayList.forEach(ArrayList.java:1511)
... Removed 27 stack frames]]>
    </failure>
  </testcase> <!-- f -->
</testsuite> <!-- Test -->
