<?xml version="1.0" encoding="UTF-8"?>
<testng-results ignored="0" total="9" passed="9" failed="0" skipped="0">
  <reporter-output>
  </reporter-output>
  <suite started-at="2021-06-24T23:24:56 EDT" name="Surefire suite" finished-at="2021-06-24T23:26:50 EDT" duration-ms="114705">
    <groups>
    </groups>
    <test started-at="2021-06-24T23:24:56 EDT" name="Surefire test" finished-at="2021-06-24T23:26:50 EDT" duration-ms="114705">
      <class name="initialTest.ContactsTest">
        <test-method is-config="true" signature="beforeMethod()[pri:0, instance:initialTest.ContactsTest@120d6fe6]" started-at="2021-06-24T23:24:57 EDT" name="beforeMethod" finished-at="2021-06-24T23:25:06 EDT" duration-ms="9677" status="PASS">
          <reporter-output>
          </reporter-output>
        </test-method> <!-- beforeMethod -->
        <test-method signature="createContactTest(java.lang.String,java.lang.String,java.lang.String)[pri:0, instance:initialTest.ContactsTest@120d6fe6]" started-at="2021-06-24T23:25:06 EDT" name="createContactTest" data-provider="getCRMTestData" finished-at="2021-06-24T23:25:12 EDT" duration-ms="5494" status="PASS">
          <params>
            <param index="0">
              <value>
                <![CDATA[rushik]]>
              </value>
            </param>
            <param index="1">
              <value>
                <![CDATA[raval]]>
              </value>
            </param>
            <param index="2">
              <value>
                <![CDATA[New]]>
              </value>
            </param>
          </params>
          <reporter-output>
          </reporter-output>
        </test-method> <!-- createContactTest -->
        <test-method is-config="true" signature="afterMethod()[pri:0, instance:initialTest.ContactsTest@120d6fe6]" started-at="2021-06-24T23:25:12 EDT" name="afterMethod" finished-at="2021-06-24T23:25:13 EDT" duration-ms="1577" status="PASS">
          <reporter-output>
          </reporter-output>
        </test-method> <!-- afterMethod -->
        <test-method is-config="true" signature="beforeMethod()[pri:0, instance:initialTest.ContactsTest@120d6fe6]" started-at="2021-06-24T23:25:13 EDT" name="beforeMethod" finished-at="2021-06-24T23:25:22 EDT" duration-ms="8393" status="PASS">
          <reporter-output>
          </reporter-output>
        </test-method> <!-- beforeMethod -->
        <test-method signature="createContactTest(java.lang.String,java.lang.String,java.lang.String)[pri:0, instance:initialTest.ContactsTest@120d6fe6]" started-at="2021-06-24T23:25:22 EDT" name="createContactTest" data-provider="getCRMTestData" finished-at="2021-06-24T23:25:28 EDT" duration-ms="5954" status="PASS">
          <params>
            <param index="0">
              <value>
                <![CDATA[priyanka]]>
              </value>
            </param>
            <param index="1">
              <value>
                <![CDATA[gadhvi]]>
              </value>
            </param>
            <param index="2">
              <value>
                <![CDATA[Active]]>
              </value>
            </param>
          </params>
          <reporter-output>
          </reporter-output>
        </test-method> <!-- createContactTest -->
        <test-method is-config="true" signature="afterMethod()[pri:0, instance:initialTest.ContactsTest@120d6fe6]" started-at="2021-06-24T23:25:28 EDT" name="afterMethod" finished-at="2021-06-24T23:25:29 EDT" duration-ms="1237" status="PASS">
          <reporter-output>
          </reporter-output>
        </test-method> <!-- afterMethod -->
        <test-method is-config="true" signature="beforeMethod()[pri:0, instance:initialTest.ContactsTest@120d6fe6]" started-at="2021-06-24T23:25:29 EDT" name="beforeMethod" finished-at="2021-06-24T23:25:36 EDT" duration-ms="6975" status="PASS">
          <reporter-output>
          </reporter-output>
        </test-method> <!-- beforeMethod -->
        <test-method signature="createContactTest(java.lang.String,java.lang.String,java.lang.String)[pri:0, instance:initialTest.ContactsTest@120d6fe6]" started-at="2021-06-24T23:25:36 EDT" name="createContactTest" data-provider="getCRMTestData" finished-at="2021-06-24T23:25:40 EDT" duration-ms="4532" status="PASS">
          <params>
            <param index="0">
              <value>
                <![CDATA[palak]]>
              </value>
            </param>
            <param index="1">
              <value>
                <![CDATA[patel]]>
              </value>
            </param>
            <param index="2">
              <value>
                <![CDATA[Inactive]]>
              </value>
            </param>
          </params>
          <reporter-output>
          </reporter-output>
        </test-method> <!-- createContactTest -->
        <test-method is-config="true" signature="afterMethod()[pri:0, instance:initialTest.ContactsTest@120d6fe6]" started-at="2021-06-24T23:25:40 EDT" name="afterMethod" finished-at="2021-06-24T23:25:42 EDT" duration-ms="1571" status="PASS">
          <reporter-output>
          </reporter-output>
        </test-method> <!-- afterMethod -->
        <test-method is-config="true" signature="beforeMethod()[pri:0, instance:initialTest.ContactsTest@120d6fe6]" started-at="2021-06-24T23:25:42 EDT" name="beforeMethod" finished-at="2021-06-24T23:25:50 EDT" duration-ms="7585" status="PASS">
          <reporter-output>
          </reporter-output>
        </test-method> <!-- beforeMethod -->
        <test-method signature="createContactTest(java.lang.String,java.lang.String,java.lang.String)[pri:0, instance:initialTest.ContactsTest@120d6fe6]" started-at="2021-06-24T23:25:50 EDT" name="createContactTest" data-provider="getCRMTestData" finished-at="2021-06-24T23:25:55 EDT" duration-ms="5139" status="PASS">
          <params>
            <param index="0">
              <value>
                <![CDATA[pinal]]>
              </value>
            </param>
            <param index="1">
              <value>
                <![CDATA[patel]]>
              </value>
            </param>
            <param index="2">
              <value>
                <![CDATA[Hot]]>
              </value>
            </param>
          </params>
          <reporter-output>
          </reporter-output>
        </test-method> <!-- createContactTest -->
        <test-method is-config="true" signature="afterMethod()[pri:0, instance:initialTest.ContactsTest@120d6fe6]" started-at="2021-06-24T23:25:55 EDT" name="afterMethod" finished-at="2021-06-24T23:25:56 EDT" duration-ms="1499" status="PASS">
          <reporter-output>
          </reporter-output>
        </test-method> <!-- afterMethod -->
        <test-method is-config="true" signature="beforeMethod()[pri:0, instance:initialTest.ContactsTest@120d6fe6]" started-at="2021-06-24T23:25:56 EDT" name="beforeMethod" finished-at="2021-06-24T23:26:04 EDT" duration-ms="8176" status="PASS">
          <reporter-output>
          </reporter-output>
        </test-method> <!-- beforeMethod -->
        <test-method signature="createContactTest(java.lang.String,java.lang.String,java.lang.String)[pri:0, instance:initialTest.ContactsTest@120d6fe6]" started-at="2021-06-24T23:26:04 EDT" name="createContactTest" data-provider="getCRMTestData" finished-at="2021-06-24T23:26:11 EDT" duration-ms="6398" status="PASS">
          <params>
            <param index="0">
              <value>
                <![CDATA[prerna]]>
              </value>
            </param>
            <param index="1">
              <value>
                <![CDATA[rupareliya]]>
              </value>
            </param>
            <param index="2">
              <value>
                <![CDATA[On Hold]]>
              </value>
            </param>
          </params>
          <reporter-output>
          </reporter-output>
        </test-method> <!-- createContactTest -->
        <test-method is-config="true" signature="afterMethod()[pri:0, instance:initialTest.ContactsTest@120d6fe6]" started-at="2021-06-24T23:26:11 EDT" name="afterMethod" finished-at="2021-06-24T23:26:12 EDT" duration-ms="1380" status="PASS">
          <reporter-output>
          </reporter-output>
        </test-method> <!-- afterMethod -->
      </class> <!-- initialTest.ContactsTest -->
      <class name="initialTest.LoginTest">
        <test-method is-config="true" signature="beforeMethod()[pri:0, instance:initialTest.LoginTest@f0f2775]" started-at="2021-06-24T23:26:12 EDT" name="beforeMethod" finished-at="2021-06-24T23:26:20 EDT" duration-ms="8197" status="PASS">
          <reporter-output>
          </reporter-output>
        </test-method> <!-- beforeMethod -->
        <test-method signature="ContactsPageTest()[pri:0, instance:initialTest.LoginTest@f0f2775]" started-at="2021-06-24T23:26:20 EDT" name="ContactsPageTest" finished-at="2021-06-24T23:26:21 EDT" duration-ms="1033" status="PASS">
          <reporter-output>
          </reporter-output>
        </test-method> <!-- ContactsPageTest -->
        <test-method is-config="true" signature="afterMethod()[pri:0, instance:initialTest.LoginTest@f0f2775]" started-at="2021-06-24T23:26:21 EDT" name="afterMethod" finished-at="2021-06-24T23:26:23 EDT" duration-ms="1143" status="PASS">
          <reporter-output>
          </reporter-output>
        </test-method> <!-- afterMethod -->
        <test-method is-config="true" signature="beforeMethod()[pri:0, instance:initialTest.LoginTest@f0f2775]" started-at="2021-06-24T23:26:23 EDT" name="beforeMethod" finished-at="2021-06-24T23:26:30 EDT" duration-ms="7503" status="PASS">
          <reporter-output>
          </reporter-output>
        </test-method> <!-- beforeMethod -->
        <test-method signature="FreeAcTest()[pri:0, instance:initialTest.LoginTest@f0f2775]" started-at="2021-06-24T23:26:30 EDT" name="FreeAcTest" finished-at="2021-06-24T23:26:31 EDT" duration-ms="1261" status="PASS">
          <reporter-output>
          </reporter-output>
        </test-method> <!-- FreeAcTest -->
        <test-method is-config="true" signature="afterMethod()[pri:0, instance:initialTest.LoginTest@f0f2775]" started-at="2021-06-24T23:26:31 EDT" name="afterMethod" finished-at="2021-06-24T23:26:33 EDT" duration-ms="1167" status="PASS">
          <reporter-output>
          </reporter-output>
        </test-method> <!-- afterMethod -->
        <test-method is-config="true" signature="beforeMethod()[pri:0, instance:initialTest.LoginTest@f0f2775]" started-at="2021-06-24T23:26:33 EDT" name="beforeMethod" finished-at="2021-06-24T23:26:40 EDT" duration-ms="7548" status="PASS">
          <reporter-output>
          </reporter-output>
        </test-method> <!-- beforeMethod -->
        <test-method signature="HomePageTest()[pri:0, instance:initialTest.LoginTest@f0f2775]" started-at="2021-06-24T23:26:40 EDT" name="HomePageTest" finished-at="2021-06-24T23:26:41 EDT" duration-ms="490" status="PASS">
          <reporter-output>
          </reporter-output>
        </test-method> <!-- HomePageTest -->
        <test-method is-config="true" signature="afterMethod()[pri:0, instance:initialTest.LoginTest@f0f2775]" started-at="2021-06-24T23:26:41 EDT" name="afterMethod" finished-at="2021-06-24T23:26:42 EDT" duration-ms="1178" status="PASS">
          <reporter-output>
          </reporter-output>
        </test-method> <!-- afterMethod -->
        <test-method is-config="true" signature="beforeMethod()[pri:0, instance:initialTest.LoginTest@f0f2775]" started-at="2021-06-24T23:26:42 EDT" name="beforeMethod" finished-at="2021-06-24T23:26:49 EDT" duration-ms="7455" status="PASS">
          <reporter-output>
          </reporter-output>
        </test-method> <!-- beforeMethod -->
        <test-method signature="LoginPageTest()[pri:0, instance:initialTest.LoginTest@f0f2775]" started-at="2021-06-24T23:26:49 EDT" name="LoginPageTest" finished-at="2021-06-24T23:26:49 EDT" duration-ms="2" status="PASS">
          <reporter-output>
          </reporter-output>
        </test-method> <!-- LoginPageTest -->
        <test-method is-config="true" signature="afterMethod()[pri:0, instance:initialTest.LoginTest@f0f2775]" started-at="2021-06-24T23:26:49 EDT" name="afterMethod" finished-at="2021-06-24T23:26:50 EDT" duration-ms="1223" status="PASS">
          <reporter-output>
          </reporter-output>
        </test-method> <!-- afterMethod -->
      </class> <!-- initialTest.LoginTest -->
    </test> <!-- Surefire test -->
  </suite> <!-- Surefire suite -->
</testng-results>
