<?xml version="1.0" encoding="UTF-8"?>
<testsuite xmlns:xsi="http://www.w3.org/2001/XMLSchema-instance" xsi:noNamespaceSchemaLocation="https://maven.apache.org/surefire/maven-surefire-plugin/xsd/surefire-test-report.xsd" name="TestSuite" time="115.541" tests="9" errors="0" skipped="0" failures="0">
  <properties>
[...]
</properties>
  <testcase name="createContactTest" classname="initialTest.ContactsTest" time="5.5"/>
  <testcase name="createContactTest" classname="initialTest.ContactsTest" time="5.954"/>
  <testcase name="createContactTest" classname="initialTest.ContactsTest" time="4.543"/>
  <testcase name="createContactTest" classname="initialTest.ContactsTest" time="5.139"/>
  <testcase name="createContactTest" classname="initialTest.ContactsTest" time="6.398"/>
  <testcase name="ContactsPageTest" classname="initialTest.LoginTest" time="1.033"/>
  <testcase name="FreeAcTest" classname="initialTest.LoginTest" time="1.26"/>
  <testcase name="HomePageTest" classname="initialTest.LoginTest" time="0.49"/>
  <testcase name="LoginPageTest" classname="initialTest.LoginTest" time="0.002"/>
</testsuite>