<?xml version="1.0" encoding="UTF-8"?>
<testng-results ignored="0" total="4" passed="4" failed="0" skipped="0">
  <reporter-output>
  </reporter-output>
  <suite started-at="2021-06-22T23:20:54 EDT" name="Default suite" finished-at="2021-06-22T23:21:42 EDT" duration-ms="47045">
    <groups>
    </groups>
    <test started-at="2021-06-22T23:20:54 EDT" name="Default test" finished-at="2021-06-22T23:21:42 EDT" duration-ms="47045">
      <class name="initialTest.LoginTest">
        <test-method is-config="true" signature="beforeMethod()[pri:0, instance:initialTest.LoginTest@2f8dad04]" started-at="2021-06-22T23:20:55 EDT" name="beforeMethod" finished-at="2021-06-22T23:21:09 EDT" duration-ms="14435" status="PASS">
          <reporter-output>
          </reporter-output>
        </test-method> <!-- beforeMethod -->
        <test-method signature="ContactsPageTest()[pri:0, instance:initialTest.LoginTest@2f8dad04]" started-at="2021-06-22T23:21:09 EDT" name="ContactsPageTest" finished-at="2021-06-22T23:21:10 EDT" duration-ms="1114" status="PASS">
          <reporter-output>
          </reporter-output>
        </test-method> <!-- ContactsPageTest -->
        <test-method is-config="true" signature="afterMethod()[pri:0, instance:initialTest.LoginTest@2f8dad04]" started-at="2021-06-22T23:21:10 EDT" name="afterMethod" finished-at="2021-06-22T23:21:12 EDT" duration-ms="1364" status="PASS">
          <reporter-output>
          </reporter-output>
        </test-method> <!-- afterMethod -->
        <test-method is-config="true" signature="beforeMethod()[pri:0, instance:initialTest.LoginTest@2f8dad04]" started-at="2021-06-22T23:21:12 EDT" name="beforeMethod" finished-at="2021-06-22T23:21:19 EDT" duration-ms="7134" status="PASS">
          <reporter-output>
          </reporter-output>
        </test-method> <!-- beforeMethod -->
        <test-method signature="FreeAcTest()[pri:0, instance:initialTest.LoginTest@2f8dad04]" started-at="2021-06-22T23:21:19 EDT" name="FreeAcTest" finished-at="2021-06-22T23:21:20 EDT" duration-ms="1647" status="PASS">
          <reporter-output>
          </reporter-output>
        </test-method> <!-- FreeAcTest -->
        <test-method is-config="true" signature="afterMethod()[pri:0, instance:initialTest.LoginTest@2f8dad04]" started-at="2021-06-22T23:21:20 EDT" name="afterMethod" finished-at="2021-06-22T23:21:21 EDT" duration-ms="1132" status="PASS">
          <reporter-output>
          </reporter-output>
        </test-method> <!-- afterMethod -->
        <test-method is-config="true" signature="beforeMethod()[pri:0, instance:initialTest.LoginTest@2f8dad04]" started-at="2021-06-22T23:21:21 EDT" name="beforeMethod" finished-at="2021-06-22T23:21:29 EDT" duration-ms="7437" status="PASS">
          <reporter-output>
          </reporter-output>
        </test-method> <!-- beforeMethod -->
        <test-method signature="HomePageTest()[pri:0, instance:initialTest.LoginTest@2f8dad04]" started-at="2021-06-22T23:21:29 EDT" name="HomePageTest" finished-at="2021-06-22T23:21:29 EDT" duration-ms="608" status="PASS">
          <reporter-output>
          </reporter-output>
        </test-method> <!-- HomePageTest -->
        <test-method is-config="true" signature="afterMethod()[pri:0, instance:initialTest.LoginTest@2f8dad04]" started-at="2021-06-22T23:21:29 EDT" name="afterMethod" finished-at="2021-06-22T23:21:31 EDT" duration-ms="1371" status="PASS">
          <reporter-output>
          </reporter-output>
        </test-method> <!-- afterMethod -->
        <test-method is-config="true" signature="beforeMethod()[pri:0, instance:initialTest.LoginTest@2f8dad04]" started-at="2021-06-22T23:21:31 EDT" name="beforeMethod" finished-at="2021-06-22T23:21:40 EDT" duration-ms="9573" status="PASS">
          <reporter-output>
          </reporter-output>
        </test-method> <!-- beforeMethod -->
        <test-method signature="LoginPageTest()[pri:0, instance:initialTest.LoginTest@2f8dad04]" started-at="2021-06-22T23:21:40 EDT" name="LoginPageTest" finished-at="2021-06-22T23:21:40 EDT" duration-ms="10" status="PASS">
          <reporter-output>
          </reporter-output>
        </test-method> <!-- LoginPageTest -->
        <test-method is-config="true" signature="afterMethod()[pri:0, instance:initialTest.LoginTest@2f8dad04]" started-at="2021-06-22T23:21:40 EDT" name="afterMethod" finished-at="2021-06-22T23:21:42 EDT" duration-ms="1076" status="PASS">
          <reporter-output>
          </reporter-output>
        </test-method> <!-- afterMethod -->
      </class> <!-- initialTest.LoginTest -->
    </test> <!-- Default test -->
  </suite> <!-- Default suite -->
</testng-results>
